
> knowledgegraph-ai-frontend@0.1.0 dev
> vite


  [32m[1mVITE[22m v6.4.3[39m  [2mready in [0m[1m450[22m[2m[0m ms[22m

  [32m➜[39m  [1mLocal[22m:   [36mhttp://localhost:[1m5173[22m/[39m
[2m  [32m➜[39m  [1mNetwork[22m[2m: use [22m[1m--host[22m[2m to expose[22m
[2m16:10:28[22m [36m[1m[vite][22m[39m [90m[2m(client)[22m[39m [32mhmr update [39m[2m/src/pages/GraphPage.vue[22m
[2m16:10:29[22m [36m[1m[vite][22m[39m [90m[2m(client)[22m[39m [32m✨ new dependencies optimized: [33mvis-data, vis-network[32m[39m
[2m16:10:29[22m [36m[1m[vite][22m[39m [90m[2m(client)[22m[39m [32m✨ optimized dependencies changed. reloading[39m
[2m16:22:09[22m [36m[1m[vite][22m[39m [90m[2m(client)[22m[39m [32mhmr update [39m[2m/src/pages/GraphPage.vue[22m
[2m16:22:52[22m [36m[1m[vite][22m[39m [90m[2m(client)[22m[39m [32mhmr update [39m[2m/src/pages/GraphPage.vue[22m
[2m16:23:12[22m [36m[1m[vite][22m[39m [90m[2m(client)[22m[39m [32mhmr update [39m[2m/src/pages/GraphPage.vue[22m
[2m16:23:17[22m [36m[1m[vite][22m[39m [90m[2m(client)[22m[39m [32mhmr update [39m[2m/src/pages/GraphPage.vue?vue&type=style&index=0&scoped=9f3966ef&lang.scss[22m
[2m16:30:32[22m [36m[1m[vite][22m[39m [90m[2m(client)[22m[39m [32mhmr update [39m[2m/src/pages/MindMapPage.vue[22m
[2m16:30:42[22m [36m[1m[vite][22m[39m [90m[2m(client)[22m[39m [32mhmr update [39m[2m/src/pages/ChatPage.vue[22m
[2m16:30:50[22m [36m[1m[vite][22m[39m [90m[2m(client)[22m[39m [32mhmr update [39m[2m/src/pages/ChatPage.vue[22m
[2m17:34:21[22m [36m[1m[vite][22m[39m [90m[2m(client)[22m[39m [32mhmr update [39m[2m/src/pages/MistakePage.vue[22m
[2m17:39:21[22m [36m[1m[vite][22m[39m [90m[2m(client)[22m[39m [32mhmr update [39m[2m/src/pages/HomePage.vue, /src/pages/HomePage.vue?vue&type=style&index=0&scoped=2d1117dc&lang.css[22m
[2m19:01:07[22m [36m[1m[vite][22m[39m [90m[2m(client)[22m[39m [32mpage reload [39m[2msrc/router/index.ts[22m
[2m19:01:14[22m [36m[1m[vite][22m[39m [90m[2m(client)[22m[39m [32mhmr update [39m[2m/src/layouts/DefaultLayout.vue[22m
[2m19:10:50[22m [36m[1m[vite][22m[39m [90m[2m(client)[22m[39m [32mhmr update [39m[2m/src/pages/QuizPage.vue[22m
[2m19:10:59[22m [36m[1m[vite][22m[39m [90m[2m(client)[22m[39m [32mhmr update [39m[2m/src/pages/QuizPage.vue?vue&type=style&index=0&scoped=8a34dd3a&lang.css[22m
[2m19:17:44[22m [36m[1m[vite][22m[39m [90m[2m(client)[22m[39m [32mhmr update [39m[2m/src/pages/ChatPage.vue[22m
[2m19:17:48[22m [36m[1m[vite][22m[39m [90m[2m(client)[22m[39m [32mhmr update [39m[2m/src/pages/MistakePage.vue[22m
[2m19:17:52[22m [36m[1m[vite][22m[39m [90m[2m(client)[22m[39m [32mhmr update [39m[2m/src/pages/MistakePage.vue[22m
[2m19:17:57[22m [36m[1m[vite][22m[39m [90m[2m(client)[22m[39m [32mhmr update [39m[2m/src/pages/HomePage.vue[22m
[2m19:18:07[22m [36m[1m[vite][22m[39m [90m[2m(client)[22m[39m [32mhmr update [39m[2m/src/pages/ChatPage.vue[22m
[2m19:18:11[22m [36m[1m[vite][22m[39m [90m[2m(client)[22m[39m [32mhmr update [39m[2m/src/pages/ChatPage.vue[22m
[2m19:18:16[22m [36m[1m[vite][22m[39m [90m[2m(client)[22m[39m [32mhmr update [39m[2m/src/pages/ChatPage.vue[22m
[2m19:18:20[22m [36m[1m[vite][22m[39m [90m[2m(client)[22m[39m [32mhmr update [39m[2m/src/pages/ChatPage.vue?vue&type=style&index=0&scoped=32b89a82&lang.scss[22m
[2m19:18:24[22m [36m[1m[vite][22m[39m [90m[2m(client)[22m[39m [32mhmr update [39m[2m/src/pages/MistakePage.vue[22m
[2m19:18:28[22m [36m[1m[vite][22m[39m [90m[2m(client)[22m[39m [32mhmr update [39m[2m/src/pages/MistakePage.vue[22m
[2m19:18:33[22m [36m[1m[vite][22m[39m [90m[2m(client)[22m[39m [32mhmr update [39m[2m/src/pages/MistakePage.vue[22m
[2m19:18:37[22m [36m[1m[vite][22m[39m [90m[2m(client)[22m[39m [32mhmr update [39m[2m/src/pages/MistakePage.vue[22m
[2m19:18:46[22m [36m[1m[vite][22m[39m [90m[2m(client)[22m[39m [32mhmr update [39m[2m/src/pages/MistakePage.vue[22m
[2m19:21:43[22m [36m[1m[vite][22m[39m [90m[2m(client)[22m[39m [32mhmr update [39m[2m/src/pages/QuizPage.vue[22m
[2m19:21:52[22m [36m[1m[vite][22m[39m [90m[2m(client)[22m[39m [32mhmr update [39m[2m/src/pages/QuizPage.vue[22m
[2m19:21:56[22m [36m[1m[vite][22m[39m [90m[2m(client)[22m[39m [32mhmr update [39m[2m/src/pages/QuizPage.vue?vue&type=style&index=0&scoped=8a34dd3a&lang.css[22m
[2m19:22:03[22m [36m[1m[vite][22m[39m [90m[2m(client)[22m[39m [32mhmr update [39m[2m/src/pages/KnowledgePage.vue[22m
[2m19:22:10[22m [36m[1m[vite][22m[39m [90m[2m(client)[22m[39m [32mhmr update [39m[2m/src/pages/KnowledgePage.vue[22m
[2m19:22:14[22m [36m[1m[vite][22m[39m [90m[2m(client)[22m[39m [32mhmr update [39m[2m/src/pages/KnowledgePage.vue[22m
[2m19:22:22[22m [36m[1m[vite][22m[39m [90m[2m(client)[22m[39m [32mhmr update [39m[2m/src/pages/QuizPage.vue[22m
[2m19:22:29[22m [36m[1m[vite][22m[39m [90m[2m(client)[22m[39m [32mhmr update [39m[2m/src/pages/QuizPage.vue[22m
[2m19:23:10[22m [36m[1m[vite][22m[39m [90m[2m(client)[22m[39m [32mhmr update [39m[2m/src/pages/HomePage.vue, /src/pages/HomePage.vue?vue&type=style&index=0&scoped=2d1117dc&lang.css[22m
[2m19:23:40[22m [36m[1m[vite][22m[39m [90m[2m(client)[22m[39m [32mpage reload [39m[2msrc/router/index.ts[22m
[2m19:23:46[22m [36m[1m[vite][22m[39m [90m[2m(client)[22m[39m [32mhmr update [39m[2m/src/layouts/DefaultLayout.vue[22m
[2m19:35:42[22m [36m[1m[vite][22m[39m [90m[2m(client)[22m[39m [32mhmr update [39m[2m/src/pages/HomePage.vue, /src/pages/LearningCenterPage.vue[22m
[2m19:35:44[22m [36m[1m[vite][22m[39m [90m[2m(client)[22m[39m [32mhmr update [39m[2m/src/pages/HomePage.vue, /src/pages/LearningCenterPage.vue[22m
[2m19:35:49[22m [36m[1m[vite][22m[39m [90m[2m(client)[22m[39m [32mhmr update [39m[2m/src/pages/HomePage.vue[22m
[2m19:35:53[22m [36m[1m[vite][22m[39m [90m[2m(client)[22m[39m [32mhmr update [39m[2m/src/pages/HomePage.vue[22m
[2m19:35:56[22m [36m[1m[vite][22m[39m [90m[2m(client)[22m[39m [32mhmr update [39m[2m/src/pages/HomePage.vue?vue&type=style&index=0&scoped=2d1117dc&lang.css[22m
[2m20:17:25[22m [36m[1m[vite][22m[39m [90m[2m(client)[22m[39m [32mhmr update [39m[2m/src/pages/HomePage.vue, /src/pages/LearningCenterPage.vue[22m
[2m20:17:29[22m [36m[1m[vite][22m[39m [90m[2m(client)[22m[39m [32mhmr update [39m[2m/src/pages/HomePage.vue[22m
[2m20:30:57[22m [36m[1m[vite][22m[39m [90m[2m(client)[22m[39m [32mpage reload [39m[2msrc/api/user.ts[22m
[2m20:31:19[22m [36m[1m[vite][22m[39m [90m[2m(client)[22m[39m [32mpage reload [39m[2msrc/router/index.ts[22m
[2m20:31:27[22m [36m[1m[vite][22m[39m [90m[2m(client)[22m[39m [32mhmr update [39m[2m/src/layouts/DefaultLayout.vue[22m
[2m20:31:32[22m [36m[1m[vite][22m[39m [90m[2m(client)[22m[39m [32mhmr update [39m[2m/src/layouts/DefaultLayout.vue[22m
[2m21:10:31[22m [36m[1m[vite][22m[39m [90m[2m(client)[22m[39m [32mpage reload [39m[2msrc/api/user.ts[22m
[2m21:10:47[22m [36m[1m[vite][22m[39m [90m[2m(client)[22m[39m [32mhmr update [39m[2m/src/pages/SettingsPage.vue[22m
[2m21:11:03[22m [36m[1m[vite][22m[39m [90m[2m(client)[22m[39m [32mhmr update [39m[2m/src/pages/SettingsPage.vue[22m
[2m21:11:10[22m [36m[1m[vite][22m[39m [90m[2m(client)[22m[39m [32mhmr update [39m[2m/src/pages/SettingsPage.vue[22m
[2m21:18:51[22m [36m[1m[vite][22m[39m [90m[2m(client)[22m[39m [32mhmr update [39m[2m/src/pages/ChatPage.vue[22m
[2m21:18:57[22m [36m[1m[vite][22m[39m [90m[2m(client)[22m[39m [32mhmr update [39m[2m/src/pages/ChatPage.vue[22m
[2m21:19:03[22m [36m[1m[vite][22m[39m [90m[2m(client)[22m[39m [32mhmr update [39m[2m/src/pages/ChatPage.vue[22m
[2m21:19:09[22m [36m[1m[vite][22m[39m [90m[2m(client)[22m[39m [32mhmr update [39m[2m/src/pages/ChatPage.vue[22m
[2m21:19:33[22m [36m[1m[vite][22m[39m [90m[2m(client)[22m[39m [32mhmr update [39m[2m/src/pages/ChatPage.vue?vue&type=style&index=0&scoped=32b89a82&lang.scss[22m
[2m21:25:19[22m [36m[1m[vite][22m[39m [90m[2m(client)[22m[39m [32mpage reload [39m[2msrc/api/user.ts[22m
[2m21:25:31[22m [36m[1m[vite][22m[39m [90m[2m(client)[22m[39m [32mhmr update [39m[2m/src/pages/SettingsPage.vue[22m
[2m21:25:40[22m [36m[1m[vite][22m[39m [90m[2m(client)[22m[39m [32mhmr update [39m[2m/src/pages/SettingsPage.vue[22m
[2m21:25:56[22m [36m[1m[vite][22m[39m [90m[2m(client)[22m[39m [32mhmr update [39m[2m/src/pages/SettingsPage.vue[22m
[2m21:26:34[22m [36m[1m[vite][22m[39m [90m[2m(client)[22m[39m [32mhmr update [39m[2m/src/pages/SettingsPage.vue[22m
[2m21:28:06[22m [31m[1m[vite][22m[39m [31mInternal server error: Element is missing end tag.[39m
  Plugin: [35mvite:vue[39m
  File: [36mD:/KnowledgeGraph AI 智能学习助手系统/frontend/src/pages/SettingsPage.vue[39m:126:9
[33m  124|  
  125|        <div v-loading="loading">
  126|          <el-form :model="form" label-width="110px" @submit.prevent="handleSave">
     |           ^
  127|            <el-form-item label="厂商">
  128|              <el-select[39m
      at createCompilerError (D:\KnowledgeGraph AI 智能学习助手系统\frontend\node_modules\@vue\compiler-core\dist\compiler-core.cjs.js:1378:17)
      at emitError (D:\KnowledgeGraph AI 智能学习助手系统\frontend\node_modules\@vue\compiler-core\dist\compiler-core.cjs.js:3014:5)
      at Object.onclosetag (D:\KnowledgeGraph AI 智能学习助手系统\frontend\node_modules\@vue\compiler-core\dist\compiler-core.cjs.js:2381:13)
      at Tokenizer.stateInClosingTagName (D:\KnowledgeGraph AI 智能学习助手系统\frontend\node_modules\@vue\compiler-core\dist\compiler-core.cjs.js:799:16)
      at Tokenizer.parse (D:\KnowledgeGraph AI 智能学习助手系统\frontend\node_modules\@vue\compiler-core\dist\compiler-core.cjs.js:1157:16)
      at Object.baseParse (D:\KnowledgeGraph AI 智能学习助手系统\frontend\node_modules\@vue\compiler-core\dist\compiler-core.cjs.js:3053:13)
      at Object.parse (D:\KnowledgeGraph AI 智能学习助手系统\frontend\node_modules\@vue\compiler-dom\dist\compiler-dom.cjs.js:910:23)
      at Object.parse$1 [as parse] (D:\KnowledgeGraph AI 智能学习助手系统\frontend\node_modules\@vue\compiler-sfc\dist\compiler-sfc.cjs.js:1824:24)
      at createDescriptor (file:///D:/KnowledgeGraph%20AI%20%E6%99%BA%E8%83%BD%E5%AD%A6%E4%B9%A0%E5%8A%A9%E6%89%8B%E7%B3%BB%E7%BB%9F/frontend/node_modules/@vitejs/plugin-vue/dist/index.mjs:71:43)
      at handleHotUpdate (file:///D:/KnowledgeGraph%20AI%20%E6%99%BA%E8%83%BD%E5%AD%A6%E4%B9%A0%E5%8A%A9%E6%89%8B%E7%B3%BB%E7%BB%9F/frontend/node_modules/@vitejs/plugin-vue/dist/index.mjs:2198:26)
[2m21:30:36[22m [36m[1m[vite][22m[39m [90m[2m(client)[22m[39m [32mpage reload [39m[2msrc/api/user.ts[22m
[2m21:30:54[22m [36m[1m[vite][22m[39m [90m[2m(client)[22m[39m [32mhmr update [39m[2m/src/pages/SettingsPage.vue[22m
[2m21:31:42[22m [36m[1m[vite][22m[39m [90m[2m(client)[22m[39m [32mhmr update [39m[2m/src/pages/SettingsPage.vue[22m
[2m21:31:53[22m [36m[1m[vite][22m[39m [90m[2m(client)[22m[39m [32mhmr update [39m[2m/src/pages/SettingsPage.vue[22m
[2m21:32:00[22m [36m[1m[vite][22m[39m [90m[2m(client)[22m[39m [32mhmr update [39m[2m/src/pages/SettingsPage.vue[22m
[2m21:32:23[22m [36m[1m[vite][22m[39m [90m[2m(client)[22m[39m [32mhmr update [39m[2m/src/pages/SettingsPage.vue?vue&type=style&index=0&scoped=4ff3282c&lang.css[22m
[2m21:38:08[22m [31m[1m[vite][22m[39m [31mInternal server error: Element is missing end tag.[39m
  Plugin: [35mvite:vue[39m
  File: [36mD:/KnowledgeGraph AI 智能学习助手系统/frontend/src/pages/SettingsPage.vue[39m:178:9
[33m  176|  
  177|        <div v-loading="loading">
  178|          <el-form :model="form" label-width="110px" @submit.prevent="handleSave">
     |           ^
  179|            <el-form-item label="厂商">
  180|              <el-select[39m
      at createCompilerError (D:\KnowledgeGraph AI 智能学习助手系统\frontend\node_modules\@vue\compiler-core\dist\compiler-core.cjs.js:1378:17)
      at emitError (D:\KnowledgeGraph AI 智能学习助手系统\frontend\node_modules\@vue\compiler-core\dist\compiler-core.cjs.js:3014:5)
      at Object.onclosetag (D:\KnowledgeGraph AI 智能学习助手系统\frontend\node_modules\@vue\compiler-core\dist\compiler-core.cjs.js:2381:13)
      at Tokenizer.stateInClosingTagName (D:\KnowledgeGraph AI 智能学习助手系统\frontend\node_modules\@vue\compiler-core\dist\compiler-core.cjs.js:799:16)
      at Tokenizer.parse (D:\KnowledgeGraph AI 智能学习助手系统\frontend\node_modules\@vue\compiler-core\dist\compiler-core.cjs.js:1157:16)
      at Object.baseParse (D:\KnowledgeGraph AI 智能学习助手系统\frontend\node_modules\@vue\compiler-core\dist\compiler-core.cjs.js:3053:13)
      at Object.parse (D:\KnowledgeGraph AI 智能学习助手系统\frontend\node_modules\@vue\compiler-dom\dist\compiler-dom.cjs.js:910:23)
      at Object.parse$1 [as parse] (D:\KnowledgeGraph AI 智能学习助手系统\frontend\node_modules\@vue\compiler-sfc\dist\compiler-sfc.cjs.js:1824:24)
      at createDescriptor (file:///D:/KnowledgeGraph%20AI%20%E6%99%BA%E8%83%BD%E5%AD%A6%E4%B9%A0%E5%8A%A9%E6%89%8B%E7%B3%BB%E7%BB%9F/frontend/node_modules/@vitejs/plugin-vue/dist/index.mjs:71:43)
      at handleHotUpdate (file:///D:/KnowledgeGraph%20AI%20%E6%99%BA%E8%83%BD%E5%AD%A6%E4%B9%A0%E5%8A%A9%E6%89%8B%E7%B3%BB%E7%BB%9F/frontend/node_modules/@vitejs/plugin-vue/dist/index.mjs:2198:26)
[2m21:38:45[22m [36m[1m[vite][22m[39m [90m[2m(client)[22m[39m [32mhmr update [39m[2m/src/pages/SettingsPage.vue[22m
[2m21:39:08[22m [36m[1m[vite][22m[39m [90m[2m(client)[22m[39m [32mhmr update [39m[2m/src/pages/SettingsPage.vue[22m
[2m21:52:51[22m [36m[1m[vite][22m[39m [32mvite.config.ts changed, restarting server...[39m
[2m21:52:51[22m [36m[1m[vite][22m[39m server restarted.
